<?xml version="1.0" encoding="UTF-8"?>
<!-- Generated by org.testng.reporters.JUnitReportReporter -->
<testsuite hostname="Murugavel" failures="0" tests="2" name="grooton.HomePageValidation" time="182.216" errors="0" timestamp="2021-02-10T22:20:56 IST" skipped="0">
  <testcase classname="grooton.HomePageValidation" name="GrootanTechnologyMenuValidation" time="94.107"/>
  <system-out/>
  <testcase classname="grooton.HomePageValidation" name="GrootanTechnologyMenuValidation" time="88.109"/>
  <system-out/>
</testsuite> <!-- grooton.HomePageValidation -->
